# JRE version: OpenJDK Runtime Environment (8.0_202-b03) (build 1.8.0_202-release-1483-b03)
# Java VM: OpenJDK 64-Bit Server VM (25.202-b03 mixed mode windows-amd64 compressed oops)
Heap:
 PSYoungGen      total 477184K, used 250484K [0x00000000e0000000, 0x0000000100000000, 0x0000000100000000)
  eden space 451584K, 51% used [0x00000000e0000000,0x00000000ee3080c8,0x00000000fb900000)
  from space 25600K, 70% used [0x00000000fb900000,0x00000000fca95188,0x00000000fd200000)
  to   space 26624K, 0% used [0x00000000fe600000,0x00000000fe600000,0x0000000100000000)
 ParOldGen       total 112640K, used 68741K [0x00000000a0000000, 0x00000000a6e00000, 0x00000000e0000000)
  object space 112640K, 61% used [0x00000000a0000000,0x00000000a4321470,0x00000000a6e00000)
 Metaspace       used 97144K, capacity 101830K, committed 101888K, reserved 1138688K
  class space    used 12653K, capacity 13554K, committed 13568K, reserved 1048576K
GC Heap History (10 events):
Event: 20.424 GC heap before
{Heap before GC invocations=15 (full 3):
 PSYoungGen      total 263680K, used 245248K [0x00000000e0000000, 0x00000000f7d00000, 0x0000000100000000)
  eden space 245248K, 100% used [0x00000000e0000000,0x00000000eef80000,0x00000000eef80000)
  from space 18432K, 0% used [0x00000000eef80000,0x00000000eef80000,0x00000000f0180000)
  to   space 18432K, 0% used [0x00000000f6b00000,0x00000000f6b00000,0x00000000f7d00000)
 ParOldGen       total 72192K, used 37222K [0x00000000a0000000, 0x00000000a4680000, 0x00000000e0000000)
  object space 72192K, 51% used [0x00000000a0000000,0x00000000a2459958,0x00000000a4680000)
 Metaspace       used 65207K, capacity 67870K, committed 68096K, reserved 1107968K
  class space    used 8904K, capacity 9447K, committed 9472K, reserved 1048576K
Event: 20.532 GC heap after
Heap after GC invocations=15 (full 3):
 PSYoungGen      total 357376K, used 18331K [0x00000000e0000000, 0x00000000f7d00000, 0x0000000100000000)
  eden space 338944K, 0% used [0x00000000e0000000,0x00000000e0000000,0x00000000f4b00000)
  from space 18432K, 99% used [0x00000000f6b00000,0x00000000f7ce6d80,0x00000000f7d00000)
  to   space 21504K, 0% used [0x00000000f5300000,0x00000000f5300000,0x00000000f6800000)
 ParOldGen       total 72192K, used 37230K [0x00000000a0000000, 0x00000000a4680000, 0x00000000e0000000)
  object space 72192K, 51% used [0x00000000a0000000,0x00000000a245b958,0x00000000a4680000)
 Metaspace       used 65207K, capacity 67870K, committed 68096K, reserved 1107968K
  class space    used 8904K, capacity 9447K, committed 9472K, reserved 1048576K
}
Event: 1260.928 GC heap before
{Heap before GC invocations=16 (full 3):
 PSYoungGen      total 357376K, used 357275K [0x00000000e0000000, 0x00000000f7d00000, 0x0000000100000000)
  eden space 338944K, 100% used [0x00000000e0000000,0x00000000f4b00000,0x00000000f4b00000)
  from space 18432K, 99% used [0x00000000f6b00000,0x00000000f7ce6d80,0x00000000f7d00000)
  to   space 21504K, 0% used [0x00000000f5300000,0x00000000f5300000,0x00000000f6800000)
 ParOldGen       total 72192K, used 37230K [0x00000000a0000000, 0x00000000a4680000, 0x00000000e0000000)
  object space 72192K, 51% used [0x00000000a0000000,0x00000000a245b958,0x00000000a4680000)
 Metaspace       used 73050K, capacity 76052K, committed 76416K, reserved 1116160K
  class space    used 9602K, capacity 10258K, committed 10368K, reserved 1048576K
Event: 1261.451 GC heap after
Heap after GC invocations=16 (full 3):
 PSYoungGen      total 368640K, used 16068K [0x00000000e0000000, 0x00000000fe800000, 0x0000000100000000)
  eden space 347136K, 0% used [0x00000000e0000000,0x00000000e0000000,0x00000000f5300000)
  from space 21504K, 74% used [0x00000000f5300000,0x00000000f62b13b8,0x00000000f6800000)
  to   space 22528K, 0% used [0x00000000fd200000,0x00000000fd200000,0x00000000fe800000)
 ParOldGen       total 72192K, used 49195K [0x00000000a0000000, 0x00000000a4680000, 0x00000000e0000000)
  object space 72192K, 68% used [0x00000000a0000000,0x00000000a300af68,0x00000000a4680000)
 Metaspace       used 73050K, capacity 76052K, committed 76416K, reserved 1116160K
  class space    used 9602K, capacity 10258K, committed 10368K, reserved 1048576K
}
Event: 1277.636 GC heap before
{Heap before GC invocations=17 (full 3):
 PSYoungGen      total 368640K, used 363199K [0x00000000e0000000, 0x00000000fe800000, 0x0000000100000000)
  eden space 347136K, 99% used [0x00000000e0000000,0x00000000f52fea80,0x00000000f5300000)
  from space 21504K, 74% used [0x00000000f5300000,0x00000000f62b13b8,0x00000000f6800000)
  to   space 22528K, 0% used [0x00000000fd200000,0x00000000fd200000,0x00000000fe800000)
 ParOldGen       total 72192K, used 49287K [0x00000000a0000000, 0x00000000a4680000, 0x00000000e0000000)
  object space 72192K, 68% used [0x00000000a0000000,0x00000000a3021e88,0x00000000a4680000)
 Metaspace       used 88458K, capacity 92326K, committed 92416K, reserved 1128448K
  class space    used 11678K, capacity 12455K, committed 12544K, reserved 1048576K
Event: 1278.907 GC heap after
Heap after GC invocations=17 (full 3):
 PSYoungGen      total 474112K, used 21055K [0x00000000e0000000, 0x0000000100000000, 0x0000000100000000)
  eden space 451584K, 0% used [0x00000000e0000000,0x00000000e0000000,0x00000000fb900000)
  from space 22528K, 93% used [0x00000000fd200000,0x00000000fe68ffc8,0x00000000fe800000)
  to   space 25600K, 0% used [0x00000000fb900000,0x00000000fb900000,0x00000000fd200000)
 ParOldGen       total 72192K, used 59269K [0x00000000a0000000, 0x00000000a4680000, 0x00000000e0000000)
  object space 72192K, 82% used [0x00000000a0000000,0x00000000a39e1518,0x00000000a4680000)
 Metaspace       used 88458K, capacity 92326K, committed 92416K, reserved 1128448K
  class space    used 11678K, capacity 12455K, committed 12544K, reserved 1048576K
}
Event: 1278.907 GC heap before
{Heap before GC invocations=18 (full 4):
 PSYoungGen      total 474112K, used 21055K [0x00000000e0000000, 0x0000000100000000, 0x0000000100000000)
  eden space 451584K, 0% used [0x00000000e0000000,0x00000000e0000000,0x00000000fb900000)
  from space 22528K, 93% used [0x00000000fd200000,0x00000000fe68ffc8,0x00000000fe800000)
  to   space 25600K, 0% used [0x00000000fb900000,0x00000000fb900000,0x00000000fd200000)
 ParOldGen       total 72192K, used 59269K [0x00000000a0000000, 0x00000000a4680000, 0x00000000e0000000)
  object space 72192K, 82% used [0x00000000a0000000,0x00000000a39e1518,0x00000000a4680000)
 Metaspace       used 88458K, capacity 92326K, committed 92416K, reserved 1128448K
  class space    used 11678K, capacity 12455K, committed 12544K, reserved 1048576K
Event: 1280.966 GC heap after
Heap after GC invocations=18 (full 4):
 PSYoungGen      total 474112K, used 0K [0x00000000e0000000, 0x0000000100000000, 0x0000000100000000)
  eden space 451584K, 0% used [0x00000000e0000000,0x00000000e0000000,0x00000000fb900000)
  from space 22528K, 0% used [0x00000000fd200000,0x00000000fd200000,0x00000000fe800000)
  to   space 25600K, 0% used [0x00000000fb900000,0x00000000fb900000,0x00000000fd200000)
 ParOldGen       total 112640K, used 68728K [0x00000000a0000000, 0x00000000a6e00000, 0x00000000e0000000)
  object space 112640K, 61% used [0x00000000a0000000,0x00000000a431e3b0,0x00000000a6e00000)
 Metaspace       used 87622K, capacity 91306K, committed 92416K, reserved 1128448K
  class space    used 11569K, capacity 12305K, committed 12544K, reserved 1048576K
}
Event: 1381.947 GC heap before
{Heap before GC invocations=19 (full 4):
 PSYoungGen      total 474112K, used 451584K [0x00000000e0000000, 0x0000000100000000, 0x0000000100000000)
  eden space 451584K, 100% used [0x00000000e0000000,0x00000000fb900000,0x00000000fb900000)
  from space 22528K, 0% used [0x00000000fd200000,0x00000000fd200000,0x00000000fe800000)
  to   space 25600K, 0% used [0x00000000fb900000,0x00000000fb900000,0x00000000fd200000)
 ParOldGen       total 112640K, used 68733K [0x00000000a0000000, 0x00000000a6e00000, 0x00000000e0000000)
  object space 112640K, 61% used [0x00000000a0000000,0x00000000a431f470,0x00000000a6e00000)
 Metaspace       used 96284K, capacity 100748K, committed 101120K, reserved 1136640K
  class space    used 12593K, capacity 13463K, committed 13568K, reserved 1048576K
Event: 1382.245 GC heap after
Heap after GC invocations=19 (full 4):
 PSYoungGen      total 477184K, used 18004K [0x00000000e0000000, 0x0000000100000000, 0x0000000100000000)
  eden space 451584K, 0% used [0x00000000e0000000,0x00000000e0000000,0x00000000fb900000)
  from space 25600K, 70% used [0x00000000fb900000,0x00000000fca95188,0x00000000fd200000)
  to   space 26624K, 0% used [0x00000000fe600000,0x00000000fe600000,0x0000000100000000)
 ParOldGen       total 112640K, used 68741K [0x00000000a0000000, 0x00000000a6e00000, 0x00000000e0000000)
  object space 112640K, 61% used [0x00000000a0000000,0x00000000a4321470,0x00000000a6e00000)
 Metaspace       used 96284K, capacity 100748K, committed 101120K, reserved 1136640K
  class space    used 12593K, capacity 13463K, committed 13568K, reserved 1048576K
}

